<?xml version="1.0" encoding="UTF-8"?>
<!-- Generated by org.testng.reporters.JUnitXMLReporter -->
<testsuite ignored="8" hostname="Murugan" failures="0" tests="4" name="MyTest" time="0.149" errors="0" timestamp="2026-04-01T22:27:44 IST">
  <testcase classname="test.logOutpage" name="logoutcase1" time="0.023"/>
  <testcase classname="test.logOutpage" name="logoutcase4" time="0.004"/>
  <testcase classname="test.logOutpage" name="logoutcase6" time="0.003"/>
  <testcase classname="test.moduleSearch" name="testcase4" time="0.002"/>
  <testcase classname="test.logOutpage" name="logoutcase3" time="0.0">
    <ignored/>
  </testcase> <!-- logoutcase3 -->
  <testcase classname="test.logOutpage" name="logoutcase2" time="0.0">
    <ignored/>
  </testcase> <!-- logoutcase2 -->
  <testcase classname="test.moduleSearch" name="testcase3" time="0.0">
    <ignored/>
  </testcase> <!-- testcase3 -->
  <testcase classname="test.logOutpage" name="logoutcase5" time="0.0">
    <ignored/>
  </testcase> <!-- logoutcase5 -->
  <testcase classname="test.moduleSearch" name="testcase2" time="0.0">
    <ignored/>
  </testcase> <!-- testcase2 -->
  <testcase classname="test.moduleSearch" name="testcase1" time="0.0">
    <ignored/>
  </testcase> <!-- testcase1 -->
  <testcase classname="test.moduleSearch" name="testcase5" time="0.0">
    <ignored/>
  </testcase> <!-- testcase5 -->
  <testcase classname="test.courseCreation" name="coursecreation1" time="0.0">
    <ignored/>
  </testcase> <!-- coursecreation1 -->
</testsuite> <!-- MyTest -->
