<?xml version="1.0" encoding="UTF-8"?>
<testng-results ignored="8" total="12" passed="4" failed="0" skipped="0">
  <reporter-output>
  </reporter-output>
  <suite started-at="2026-04-01T22:27:44 IST" name="MyTestSuite" finished-at="2026-04-01T22:27:44 IST" duration-ms="149">
    <groups>
      <group name="Integration">
        <method signature="moduleSearch.testcase4()[pri:0, instance:test.moduleSearch@6b2ea799]" name="testcase4" class="test.moduleSearch"/>
      </group> <!-- Integration -->
      <group name="regression">
        <method signature="logOutpage.logoutcase1()[pri:0, instance:test.logOutpage@51399530]" name="logoutcase1" class="test.logOutpage"/>
      </group> <!-- regression -->
      <group name="smoke">
        <method signature="logOutpage.logoutcase4()[pri:0, instance:test.logOutpage@51399530]" name="logoutcase4" class="test.logOutpage"/>
        <method signature="logOutpage.logoutcase6()[pri:0, instance:test.logOutpage@51399530]" name="logoutcase6" class="test.logOutpage"/>
      </group> <!-- smoke -->
    </groups>
    <test started-at="2026-04-01T22:27:44 IST" name="MyTest" finished-at="2026-04-01T22:27:44 IST" duration-ms="149">
      <class name="test.moduleSearch">
        <test-method signature="testcase4()[pri:0, instance:test.moduleSearch@6b2ea799]" started-at="2026-04-01T22:27:44 IST" name="testcase4" finished-at="2026-04-01T22:27:44 IST" duration-ms="2" status="PASS">
          <reporter-output>
          </reporter-output>
        </test-method> <!-- testcase4 -->
      </class> <!-- test.moduleSearch -->
      <class name="test.logOutpage">
        <test-method signature="logoutcase1()[pri:0, instance:test.logOutpage@51399530]" started-at="2026-04-01T22:27:44 IST" name="logoutcase1" finished-at="2026-04-01T22:27:44 IST" duration-ms="23" status="PASS">
          <reporter-output>
          </reporter-output>
        </test-method> <!-- logoutcase1 -->
        <test-method signature="logoutcase4()[pri:0, instance:test.logOutpage@51399530]" started-at="2026-04-01T22:27:44 IST" name="logoutcase4" finished-at="2026-04-01T22:27:44 IST" duration-ms="4" status="PASS">
          <reporter-output>
          </reporter-output>
        </test-method> <!-- logoutcase4 -->
        <test-method signature="logoutcase6()[pri:0, instance:test.logOutpage@51399530]" started-at="2026-04-01T22:27:44 IST" name="logoutcase6" finished-at="2026-04-01T22:27:44 IST" duration-ms="3" status="PASS">
          <reporter-output>
          </reporter-output>
        </test-method> <!-- logoutcase6 -->
      </class> <!-- test.logOutpage -->
    </test> <!-- MyTest -->
  </suite> <!-- MyTestSuite -->
</testng-results>
