<?xml version="1.0" encoding="UTF-8"?>
<!-- Generated by org.testng.reporters.JUnitReportReporter -->
<testsuite hostname="Murugan" failures="0" tests="3" name="test.logOutpage" time="0.030" errors="0" timestamp="2026-04-01T22:27:44 IST" skipped="0">
  <testcase classname="test.logOutpage" name="logoutcase1" time="0.023"/>
  <testcase classname="test.logOutpage" name="logoutcase4" time="0.004"/>
  <testcase classname="test.logOutpage" name="logoutcase6" time="0.003"/>
</testsuite> <!-- test.logOutpage -->
